2020-12-31 00:02:57,924 INFO PERFORMANCE:|0|0|-1|-1

2020-12-31 00:07:57,926 INFO PERFORMANCE:|0|0|-1|-1

2020-12-31 00:12:57,927 INFO PERFORMANCE:|0|0|-1|-1

2020-12-31 00:17:57,928 INFO PERFORMANCE:|0|0|-1|-1

2020-12-31 00:22:57,929 INFO PERFORMANCE:|0|0|-1|-1

2020-12-31 00:27:57,931 INFO PERFORMANCE:|0|0|-1|-1

2020-12-31 00:32:57,931 INFO PERFORMANCE:|0|0|-1|-1

2020-12-31 00:37:57,934 INFO PERFORMANCE:|0|0|-1|-1

2020-12-31 00:42:57,935 INFO PERFORMANCE:|0|0|-1|-1

2020-12-31 00:47:57,936 INFO PERFORMANCE:|0|0|-1|-1

2020-12-31 00:52:57,937 INFO PERFORMANCE:|0|0|-1|-1

2020-12-31 00:57:57,940 INFO PERFORMANCE:|0|0|-1|-1

2020-12-31 01:02:57,941 INFO PERFORMANCE:|0|0|-1|-1

2020-12-31 01:07:57,942 INFO PERFORMANCE:|0|0|-1|-1

2020-12-31 01:12:57,945 INFO PERFORMANCE:|0|0|-1|-1

2020-12-31 01:17:57,946 INFO PERFORMANCE:|0|0|-1|-1

2020-12-31 01:22:57,948 INFO PERFORMANCE:|0|0|-1|-1

2020-12-31 01:27:57,949 INFO PERFORMANCE:|0|0|-1|-1

2020-12-31 01:32:57,950 INFO PERFORMANCE:|0|0|-1|-1

2020-12-31 01:37:57,950 INFO PERFORMANCE:|0|0|-1|-1

2020-12-31 01:42:57,952 INFO PERFORMANCE:|0|0|-1|-1

2020-12-31 01:47:57,954 INFO PERFORMANCE:|0|0|-1|-1

2020-12-31 01:52:57,955 INFO PERFORMANCE:|0|0|-1|-1

2020-12-31 01:57:57,956 INFO PERFORMANCE:|0|0|-1|-1

2020-12-31 02:02:57,959 INFO PERFORMANCE:|0|0|-1|-1

2020-12-31 02:07:57,961 INFO PERFORMANCE:|0|0|-1|-1

2020-12-31 02:12:57,962 INFO PERFORMANCE:|0|0|-1|-1

2020-12-31 02:17:57,962 INFO PERFORMANCE:|0|0|-1|-1

2020-12-31 02:22:57,964 INFO PERFORMANCE:|0|0|-1|-1

2020-12-31 02:27:57,965 INFO PERFORMANCE:|0|0|-1|-1

2020-12-31 02:32:57,965 INFO PERFORMANCE:|0|0|-1|-1

2020-12-31 02:37:57,966 INFO PERFORMANCE:|0|0|-1|-1

2020-12-31 02:42:57,968 INFO PERFORMANCE:|0|0|-1|-1

2020-12-31 02:47:57,970 INFO PERFORMANCE:|0|0|-1|-1

2020-12-31 02:52:57,970 INFO PERFORMANCE:|0|0|-1|-1

2020-12-31 02:57:57,970 INFO PERFORMANCE:|0|0|-1|-1

2020-12-31 03:02:57,972 INFO PERFORMANCE:|0|0|-1|-1

2020-12-31 03:07:57,973 INFO PERFORMANCE:|0|0|-1|-1

2020-12-31 03:12:57,975 INFO PERFORMANCE:|0|0|-1|-1

2020-12-31 03:17:57,976 INFO PERFORMANCE:|0|0|-1|-1

2020-12-31 03:22:57,977 INFO PERFORMANCE:|0|0|-1|-1

2020-12-31 03:27:57,979 INFO PERFORMANCE:|0|0|-1|-1

2020-12-31 03:32:57,981 INFO PERFORMANCE:|0|0|-1|-1

2020-12-31 03:37:57,982 INFO PERFORMANCE:|0|0|-1|-1

2020-12-31 03:42:57,984 INFO PERFORMANCE:|0|0|-1|-1

2020-12-31 03:47:57,985 INFO PERFORMANCE:|0|0|-1|-1

2020-12-31 03:52:57,986 INFO PERFORMANCE:|0|0|-1|-1

2020-12-31 03:57:57,987 INFO PERFORMANCE:|0|0|-1|-1

2020-12-31 04:02:57,989 INFO PERFORMANCE:|0|0|-1|-1

2020-12-31 04:07:57,991 INFO PERFORMANCE:|0|0|-1|-1

2020-12-31 04:12:57,991 INFO PERFORMANCE:|0|0|-1|-1

2020-12-31 04:17:57,993 INFO PERFORMANCE:|0|0|-1|-1

2020-12-31 04:22:57,995 INFO PERFORMANCE:|0|0|-1|-1

2020-12-31 04:27:57,997 INFO PERFORMANCE:|0|0|-1|-1

2020-12-31 04:32:57,999 INFO PERFORMANCE:|0|0|-1|-1

2020-12-31 04:37:58,000 INFO PERFORMANCE:|0|0|-1|-1

2020-12-31 04:42:58,002 INFO PERFORMANCE:|0|0|-1|-1

2020-12-31 04:47:58,002 INFO PERFORMANCE:|0|0|-1|-1

2020-12-31 04:52:58,003 INFO PERFORMANCE:|0|0|-1|-1

2020-12-31 04:57:58,004 INFO PERFORMANCE:|0|0|-1|-1

2020-12-31 05:02:58,005 INFO PERFORMANCE:|0|0|-1|-1

2020-12-31 05:07:58,006 INFO PERFORMANCE:|0|0|-1|-1

2020-12-31 05:12:58,007 INFO PERFORMANCE:|0|0|-1|-1

2020-12-31 05:17:58,008 INFO PERFORMANCE:|0|0|-1|-1

2020-12-31 05:22:58,010 INFO PERFORMANCE:|0|0|-1|-1

2020-12-31 05:27:58,011 INFO PERFORMANCE:|0|0|-1|-1

2020-12-31 05:32:58,012 INFO PERFORMANCE:|0|0|-1|-1

2020-12-31 05:37:58,013 INFO PERFORMANCE:|0|0|-1|-1

2020-12-31 05:42:58,014 INFO PERFORMANCE:|0|0|-1|-1

2020-12-31 05:47:58,016 INFO PERFORMANCE:|0|0|-1|-1

2020-12-31 05:52:58,016 INFO PERFORMANCE:|0|0|-1|-1

2020-12-31 05:57:58,018 INFO PERFORMANCE:|0|0|-1|-1

2020-12-31 06:02:58,018 INFO PERFORMANCE:|0|0|-1|-1

2020-12-31 06:07:58,020 INFO PERFORMANCE:|0|0|-1|-1

2020-12-31 06:12:58,021 INFO PERFORMANCE:|0|0|-1|-1

2020-12-31 06:17:58,022 INFO PERFORMANCE:|0|0|-1|-1

2020-12-31 06:22:58,024 INFO PERFORMANCE:|0|0|-1|-1

2020-12-31 06:27:58,026 INFO PERFORMANCE:|0|0|-1|-1

2020-12-31 06:32:58,028 INFO PERFORMANCE:|0|0|-1|-1

2020-12-31 06:37:58,029 INFO PERFORMANCE:|0|0|-1|-1

2020-12-31 06:42:58,031 INFO PERFORMANCE:|0|0|-1|-1

2020-12-31 06:47:58,032 INFO PERFORMANCE:|0|0|-1|-1

2020-12-31 06:52:58,033 INFO PERFORMANCE:|0|0|-1|-1

2020-12-31 06:57:58,034 INFO PERFORMANCE:|0|0|-1|-1

2020-12-31 07:02:58,036 INFO PERFORMANCE:|0|0|-1|-1

2020-12-31 07:07:58,037 INFO PERFORMANCE:|0|0|-1|-1

2020-12-31 07:12:58,038 INFO PERFORMANCE:|0|0|-1|-1

2020-12-31 07:17:58,039 INFO PERFORMANCE:|0|0|-1|-1

2020-12-31 07:22:58,039 INFO PERFORMANCE:|0|0|-1|-1

2020-12-31 07:27:58,041 INFO PERFORMANCE:|0|0|-1|-1

2020-12-31 07:32:58,042 INFO PERFORMANCE:|0|0|-1|-1

2020-12-31 07:37:58,044 INFO PERFORMANCE:|0|0|-1|-1

2020-12-31 07:42:58,045 INFO PERFORMANCE:|0|0|-1|-1

2020-12-31 07:47:58,046 INFO PERFORMANCE:|0|0|-1|-1

2020-12-31 07:52:58,046 INFO PERFORMANCE:|0|0|-1|-1

2020-12-31 07:57:58,048 INFO PERFORMANCE:|0|0|-1|-1

2020-12-31 08:02:58,048 INFO PERFORMANCE:|0|0|-1|-1

2020-12-31 08:07:58,048 INFO PERFORMANCE:|0|0|-1|-1

2020-12-31 08:12:58,051 INFO PERFORMANCE:|0|0|-1|-1

2020-12-31 08:17:58,052 INFO PERFORMANCE:|0|0|-1|-1

2020-12-31 08:22:58,084 INFO PERFORMANCE:|0|0|-1|-1

2020-12-31 08:27:58,085 INFO PERFORMANCE:|0|0|-1|-1

2020-12-31 08:32:58,086 INFO PERFORMANCE:|0|0|-1|-1

2020-12-31 08:37:58,087 INFO PERFORMANCE:|0|0|-1|-1

2020-12-31 08:42:58,088 INFO PERFORMANCE:|0|0|-1|-1

2020-12-31 08:47:58,088 INFO PERFORMANCE:|0|0|-1|-1

2020-12-31 08:52:58,090 INFO PERFORMANCE:|0|0|-1|-1

2020-12-31 08:57:58,091 INFO PERFORMANCE:|0|0|-1|-1

2020-12-31 09:02:58,093 INFO PERFORMANCE:|0|0|-1|-1

2020-12-31 09:07:58,094 INFO PERFORMANCE:|0|0|-1|-1

2020-12-31 09:12:58,095 INFO PERFORMANCE:|0|0|-1|-1

2020-12-31 09:17:58,097 INFO PERFORMANCE:|0|0|-1|-1

2020-12-31 09:22:58,099 INFO PERFORMANCE:|0|0|-1|-1

2020-12-31 09:27:58,100 INFO PERFORMANCE:|0|0|-1|-1

2020-12-31 09:32:58,102 INFO PERFORMANCE:|0|0|-1|-1

2020-12-31 09:37:58,104 INFO PERFORMANCE:|0|0|-1|-1

2020-12-31 09:42:58,104 INFO PERFORMANCE:|0|0|-1|-1

2020-12-31 09:47:58,106 INFO PERFORMANCE:|0|0|-1|-1

2020-12-31 09:52:58,107 INFO PERFORMANCE:|0|0|-1|-1

2020-12-31 09:57:58,109 INFO PERFORMANCE:|0|0|-1|-1

2020-12-31 10:02:58,110 INFO PERFORMANCE:|0|0|-1|-1

2020-12-31 10:07:58,112 INFO PERFORMANCE:|0|0|-1|-1

2020-12-31 10:12:58,113 INFO PERFORMANCE:|0|0|-1|-1

2020-12-31 10:17:58,114 INFO PERFORMANCE:|0|0|-1|-1

2020-12-31 10:22:58,116 INFO PERFORMANCE:|0|0|-1|-1

2020-12-31 10:27:58,117 INFO PERFORMANCE:|0|0|-1|-1

2020-12-31 10:32:58,118 INFO PERFORMANCE:|0|0|-1|-1

2020-12-31 10:37:58,119 INFO PERFORMANCE:|0|0|-1|-1

2020-12-31 10:42:58,151 INFO PERFORMANCE:|0|0|-1|-1

2020-12-31 10:47:58,153 INFO PERFORMANCE:|0|0|-1|-1

2020-12-31 10:52:58,154 INFO PERFORMANCE:|0|0|-1|-1

2020-12-31 10:57:58,156 INFO PERFORMANCE:|0|0|-1|-1

2020-12-31 11:02:58,159 INFO PERFORMANCE:|0|0|-1|-1

2020-12-31 11:07:58,160 INFO PERFORMANCE:|0|0|-1|-1

2020-12-31 11:12:58,161 INFO PERFORMANCE:|0|0|-1|-1

2020-12-31 11:17:58,163 INFO PERFORMANCE:|0|0|-1|-1

2020-12-31 11:22:58,164 INFO PERFORMANCE:|0|0|-1|-1

2020-12-31 11:27:58,165 INFO PERFORMANCE:|0|0|-1|-1

2020-12-31 11:32:58,167 INFO PERFORMANCE:|0|0|-1|-1

2020-12-31 11:37:58,168 INFO PERFORMANCE:|0|0|-1|-1

2020-12-31 11:42:58,170 INFO PERFORMANCE:|0|0|-1|-1

2020-12-31 11:47:58,171 INFO PERFORMANCE:|0|0|-1|-1

2020-12-31 11:52:58,172 INFO PERFORMANCE:|0|0|-1|-1

2020-12-31 11:57:56,907 INFO PERFORMANCE:|0|0|-1|-1

