2020-12-21 00:03:18,048 INFO PERFORMANCE:|0|0|-1|-1

2020-12-21 00:08:18,076 INFO PERFORMANCE:|0|0|-1|-1

2020-12-21 00:13:18,078 INFO PERFORMANCE:|0|0|-1|-1

2020-12-21 00:18:18,080 INFO PERFORMANCE:|0|0|-1|-1

2020-12-21 00:23:18,081 INFO PERFORMANCE:|0|0|-1|-1

2020-12-21 00:28:18,082 INFO PERFORMANCE:|0|0|-1|-1

2020-12-21 00:33:18,083 INFO PERFORMANCE:|0|0|-1|-1

2020-12-21 00:38:18,083 INFO PERFORMANCE:|0|0|-1|-1

2020-12-21 00:43:18,084 INFO PERFORMANCE:|0|0|-1|-1

2020-12-21 00:48:18,086 INFO PERFORMANCE:|0|0|-1|-1

2020-12-21 00:53:18,087 INFO PERFORMANCE:|0|0|-1|-1

2020-12-21 00:58:18,089 INFO PERFORMANCE:|0|0|-1|-1

2020-12-21 01:03:18,089 INFO PERFORMANCE:|0|0|-1|-1

2020-12-21 01:08:18,090 INFO PERFORMANCE:|0|0|-1|-1

2020-12-21 01:13:18,091 INFO PERFORMANCE:|0|0|-1|-1

2020-12-21 01:18:18,091 INFO PERFORMANCE:|0|0|-1|-1

2020-12-21 01:23:18,093 INFO PERFORMANCE:|0|0|-1|-1

2020-12-21 01:28:18,093 INFO PERFORMANCE:|0|0|-1|-1

2020-12-21 01:33:18,095 INFO PERFORMANCE:|0|0|-1|-1

2020-12-21 01:38:18,097 INFO PERFORMANCE:|0|0|-1|-1

2020-12-21 01:43:18,099 INFO PERFORMANCE:|0|0|-1|-1

2020-12-21 01:48:18,100 INFO PERFORMANCE:|0|0|-1|-1

2020-12-21 01:53:18,102 INFO PERFORMANCE:|0|0|-1|-1

2020-12-21 01:58:18,102 INFO PERFORMANCE:|0|0|-1|-1

2020-12-21 02:03:18,102 INFO PERFORMANCE:|0|0|-1|-1

2020-12-21 02:08:18,103 INFO PERFORMANCE:|0|0|-1|-1

2020-12-21 02:13:18,104 INFO PERFORMANCE:|0|0|-1|-1

2020-12-21 02:18:18,106 INFO PERFORMANCE:|0|0|-1|-1

2020-12-21 02:23:18,107 INFO PERFORMANCE:|0|0|-1|-1

2020-12-21 02:28:18,109 INFO PERFORMANCE:|0|0|-1|-1

2020-12-21 02:33:18,110 INFO PERFORMANCE:|0|0|-1|-1

2020-12-21 02:38:18,112 INFO PERFORMANCE:|0|0|-1|-1

2020-12-21 02:43:18,113 INFO PERFORMANCE:|0|0|-1|-1

2020-12-21 02:48:18,114 INFO PERFORMANCE:|0|0|-1|-1

2020-12-21 02:53:18,116 INFO PERFORMANCE:|0|0|-1|-1

2020-12-21 02:58:18,118 INFO PERFORMANCE:|0|0|-1|-1

2020-12-21 03:03:18,119 INFO PERFORMANCE:|0|0|-1|-1

2020-12-21 03:08:18,120 INFO PERFORMANCE:|0|0|-1|-1

2020-12-21 03:13:18,121 INFO PERFORMANCE:|0|0|-1|-1

2020-12-21 03:18:18,121 INFO PERFORMANCE:|0|0|-1|-1

2020-12-21 03:23:18,123 INFO PERFORMANCE:|0|0|-1|-1

2020-12-21 03:28:18,125 INFO PERFORMANCE:|0|0|-1|-1

2020-12-21 03:33:18,126 INFO PERFORMANCE:|0|0|-1|-1

2020-12-21 03:38:18,126 INFO PERFORMANCE:|0|0|-1|-1

2020-12-21 03:43:18,127 INFO PERFORMANCE:|0|0|-1|-1

2020-12-21 03:48:18,128 INFO PERFORMANCE:|0|0|-1|-1

2020-12-21 03:53:18,130 INFO PERFORMANCE:|0|0|-1|-1

2020-12-21 03:58:18,132 INFO PERFORMANCE:|0|0|-1|-1

2020-12-21 04:03:18,134 INFO PERFORMANCE:|0|0|-1|-1

2020-12-21 04:08:18,136 INFO PERFORMANCE:|0|0|-1|-1

2020-12-21 04:13:18,137 INFO PERFORMANCE:|0|0|-1|-1

2020-12-21 04:18:18,139 INFO PERFORMANCE:|0|0|-1|-1

2020-12-21 04:23:18,140 INFO PERFORMANCE:|0|0|-1|-1

2020-12-21 04:28:18,140 INFO PERFORMANCE:|0|0|-1|-1

2020-12-21 04:33:18,142 INFO PERFORMANCE:|0|0|-1|-1

2020-12-21 04:38:18,143 INFO PERFORMANCE:|0|0|-1|-1

2020-12-21 04:43:18,144 INFO PERFORMANCE:|0|0|-1|-1

2020-12-21 04:48:18,145 INFO PERFORMANCE:|0|0|-1|-1

2020-12-21 04:53:18,145 INFO PERFORMANCE:|0|0|-1|-1

2020-12-21 04:58:18,146 INFO PERFORMANCE:|0|0|-1|-1

2020-12-21 05:03:18,147 INFO PERFORMANCE:|0|0|-1|-1

2020-12-21 05:08:18,149 INFO PERFORMANCE:|0|0|-1|-1

2020-12-21 05:13:18,150 INFO PERFORMANCE:|0|0|-1|-1

2020-12-21 05:18:18,152 INFO PERFORMANCE:|0|0|-1|-1

2020-12-21 05:23:18,153 INFO PERFORMANCE:|0|0|-1|-1

2020-12-21 05:28:18,153 INFO PERFORMANCE:|0|0|-1|-1

2020-12-21 05:33:18,155 INFO PERFORMANCE:|0|0|-1|-1

2020-12-21 05:38:18,155 INFO PERFORMANCE:|0|0|-1|-1

2020-12-21 05:43:18,157 INFO PERFORMANCE:|0|0|-1|-1

2020-12-21 05:48:18,158 INFO PERFORMANCE:|0|0|-1|-1

2020-12-21 05:53:18,159 INFO PERFORMANCE:|0|0|-1|-1

2020-12-21 05:58:18,161 INFO PERFORMANCE:|0|0|-1|-1

2020-12-21 06:03:18,163 INFO PERFORMANCE:|0|0|-1|-1

2020-12-21 06:08:18,164 INFO PERFORMANCE:|0|0|-1|-1

2020-12-21 06:13:18,165 INFO PERFORMANCE:|0|0|-1|-1

2020-12-21 06:18:18,166 INFO PERFORMANCE:|0|0|-1|-1

2020-12-21 06:23:18,167 INFO PERFORMANCE:|0|0|-1|-1

2020-12-21 06:28:18,169 INFO PERFORMANCE:|0|0|-1|-1

2020-12-21 06:33:18,169 INFO PERFORMANCE:|0|0|-1|-1

2020-12-21 06:38:18,171 INFO PERFORMANCE:|0|0|-1|-1

2020-12-21 06:43:18,172 INFO PERFORMANCE:|0|0|-1|-1

2020-12-21 06:48:18,173 INFO PERFORMANCE:|0|0|-1|-1

2020-12-21 06:53:18,175 INFO PERFORMANCE:|0|0|-1|-1

2020-12-21 06:58:18,177 INFO PERFORMANCE:|0|0|-1|-1

2020-12-21 07:03:18,178 INFO PERFORMANCE:|0|0|-1|-1

2020-12-21 07:08:18,179 INFO PERFORMANCE:|0|0|-1|-1

2020-12-21 07:13:18,180 INFO PERFORMANCE:|0|0|-1|-1

2020-12-21 07:18:18,181 INFO PERFORMANCE:|0|0|-1|-1

2020-12-21 07:23:18,181 INFO PERFORMANCE:|0|0|-1|-1

2020-12-21 07:28:18,182 INFO PERFORMANCE:|0|0|-1|-1

2020-12-21 07:33:18,184 INFO PERFORMANCE:|0|0|-1|-1

2020-12-21 07:38:18,185 INFO PERFORMANCE:|0|0|-1|-1

2020-12-21 07:43:18,186 INFO PERFORMANCE:|0|0|-1|-1

2020-12-21 07:48:18,188 INFO PERFORMANCE:|0|0|-1|-1

2020-12-21 07:53:18,189 INFO PERFORMANCE:|0|0|-1|-1

2020-12-21 07:58:18,191 INFO PERFORMANCE:|0|0|-1|-1

2020-12-21 08:03:18,192 INFO PERFORMANCE:|0|0|-1|-1

2020-12-21 08:08:18,193 INFO PERFORMANCE:|0|0|-1|-1

2020-12-21 08:13:18,194 INFO PERFORMANCE:|0|0|-1|-1

2020-12-21 08:18:18,194 INFO PERFORMANCE:|0|0|-1|-1

2020-12-21 08:23:18,195 INFO PERFORMANCE:|0|0|-1|-1

2020-12-21 08:28:18,196 INFO PERFORMANCE:|0|0|-1|-1

2020-12-21 08:33:18,198 INFO PERFORMANCE:|0|0|-1|-1

2020-12-21 08:38:18,199 INFO PERFORMANCE:|0|0|-1|-1

2020-12-21 08:43:18,200 INFO PERFORMANCE:|0|0|-1|-1

2020-12-21 08:48:18,201 INFO PERFORMANCE:|0|0|-1|-1

2020-12-21 08:53:18,202 INFO PERFORMANCE:|0|0|-1|-1

2020-12-21 08:58:18,203 INFO PERFORMANCE:|0|0|-1|-1

2020-12-21 09:03:18,205 INFO PERFORMANCE:|0|0|-1|-1

2020-12-21 09:08:18,205 INFO PERFORMANCE:|0|0|-1|-1

2020-12-21 09:13:18,206 INFO PERFORMANCE:|0|0|-1|-1

2020-12-21 09:18:18,207 INFO PERFORMANCE:|0|0|-1|-1

2020-12-21 09:23:18,207 INFO PERFORMANCE:|0|0|-1|-1

2020-12-21 09:28:18,209 INFO PERFORMANCE:|0|0|-1|-1

2020-12-21 09:33:18,211 INFO PERFORMANCE:|0|0|-1|-1

2020-12-21 09:38:18,212 INFO PERFORMANCE:|0|0|-1|-1

2020-12-21 09:43:18,214 INFO PERFORMANCE:|0|0|-1|-1

2020-12-21 09:48:18,215 INFO PERFORMANCE:|0|0|-1|-1

2020-12-21 09:53:18,217 INFO PERFORMANCE:|0|0|-1|-1

2020-12-21 09:58:18,217 INFO PERFORMANCE:|0|0|-1|-1

2020-12-21 10:03:18,218 INFO PERFORMANCE:|0|0|-1|-1

2020-12-21 10:08:18,219 INFO PERFORMANCE:|0|0|-1|-1

2020-12-21 10:13:18,221 INFO PERFORMANCE:|0|0|-1|-1

2020-12-21 10:18:18,221 INFO PERFORMANCE:|0|0|-1|-1

2020-12-21 10:23:18,223 INFO PERFORMANCE:|0|0|-1|-1

2020-12-21 10:28:18,223 INFO PERFORMANCE:|0|0|-1|-1

2020-12-21 10:33:18,223 INFO PERFORMANCE:|0|0|-1|-1

2020-12-21 10:38:18,225 INFO PERFORMANCE:|0|0|-1|-1

2020-12-21 10:43:18,226 INFO PERFORMANCE:|0|0|-1|-1

2020-12-21 10:48:18,226 INFO PERFORMANCE:|0|0|-1|-1

2020-12-21 10:53:18,228 INFO PERFORMANCE:|1|1|-1|-1

2020-12-21 10:58:18,228 INFO PERFORMANCE:|3|3|-1|-1

2020-12-21 11:03:18,229 INFO PERFORMANCE:|3|3|-1|-1

2020-12-21 11:08:18,231 INFO PERFORMANCE:|3|3|-1|-1

2020-12-21 11:13:18,233 INFO PERFORMANCE:|3|3|-1|-1

2020-12-21 11:18:18,234 INFO PERFORMANCE:|3|3|-1|-1

2020-12-21 11:23:18,236 INFO PERFORMANCE:|3|3|-1|-1

2020-12-21 11:28:18,236 INFO PERFORMANCE:|3|3|-1|-1

2020-12-21 11:33:18,252 INFO PERFORMANCE:|3|3|-1|-1

2020-12-21 11:38:18,254 INFO PERFORMANCE:|3|3|-1|-1

2020-12-21 11:43:18,255 INFO PERFORMANCE:|3|3|-1|-1

2020-12-21 11:48:18,256 INFO PERFORMANCE:|3|3|-1|-1

2020-12-21 11:53:18,257 INFO PERFORMANCE:|3|3|-1|-1

2020-12-21 11:58:18,258 INFO PERFORMANCE:|2|2|-1|-1

2020-12-21 12:03:18,266 INFO PERFORMANCE:|3|3|2|2

2020-12-21 12:08:18,266 INFO PERFORMANCE:|3|3|-1|-1

2020-12-21 12:13:18,267 INFO PERFORMANCE:|3|3|-1|-1

2020-12-21 12:18:18,269 INFO PERFORMANCE:|3|3|-1|-1

2020-12-21 12:23:18,269 INFO PERFORMANCE:|3|3|-1|-1

2020-12-21 12:28:18,270 INFO PERFORMANCE:|3|3|-1|-1

2020-12-21 12:33:18,272 INFO PERFORMANCE:|3|3|-1|-1

2020-12-21 12:38:18,273 INFO PERFORMANCE:|3|3|-1|-1

2020-12-21 12:43:18,274 INFO PERFORMANCE:|3|3|-1|-1

2020-12-21 12:48:18,274 INFO PERFORMANCE:|3|3|-1|-1

2020-12-21 12:53:18,274 INFO PERFORMANCE:|3|3|-1|-1

2020-12-21 12:58:18,276 INFO PERFORMANCE:|3|3|-1|-1

2020-12-21 13:03:18,277 INFO PERFORMANCE:|3|3|-1|-1

2020-12-21 13:08:18,279 INFO PERFORMANCE:|3|3|-1|-1

2020-12-21 13:13:18,280 INFO PERFORMANCE:|3|3|-1|-1

2020-12-21 13:18:18,282 INFO PERFORMANCE:|3|3|-1|-1

2020-12-21 13:23:18,283 INFO PERFORMANCE:|3|3|-1|-1

2020-12-21 13:28:18,285 INFO PERFORMANCE:|3|3|-1|-1

2020-12-21 13:33:18,285 INFO PERFORMANCE:|3|3|-1|-1

2020-12-21 13:38:18,287 INFO PERFORMANCE:|3|3|-1|-1

2020-12-21 13:43:18,288 INFO PERFORMANCE:|3|3|-1|-1

2020-12-21 13:48:18,338 INFO PERFORMANCE:|3|3|-1|-1

2020-12-21 13:53:18,338 INFO PERFORMANCE:|3|3|-1|-1

2020-12-21 13:58:18,339 INFO PERFORMANCE:|3|3|-1|-1

2020-12-21 14:03:18,342 INFO PERFORMANCE:|3|3|-1|-1

2020-12-21 14:08:18,342 INFO PERFORMANCE:|3|3|-1|-1

2020-12-21 14:13:18,343 INFO PERFORMANCE:|3|2|-1|-1

2020-12-21 14:18:18,344 INFO PERFORMANCE:|2|2|-1|-1

2020-12-21 14:23:18,346 INFO PERFORMANCE:|2|2|-1|-1

2020-12-21 14:28:18,348 INFO PERFORMANCE:|2|2|-1|-1

2020-12-21 14:33:18,348 INFO PERFORMANCE:|2|2|-1|-1

2020-12-21 14:38:18,350 INFO PERFORMANCE:|2|2|-1|-1

2020-12-21 14:43:18,351 INFO PERFORMANCE:|2|2|-1|-1

2020-12-21 14:48:18,351 INFO PERFORMANCE:|2|2|-1|-1

2020-12-21 14:53:18,353 INFO PERFORMANCE:|2|2|-1|-1

2020-12-21 14:58:18,355 INFO PERFORMANCE:|2|2|-1|-1

2020-12-21 15:03:18,357 INFO PERFORMANCE:|2|2|-1|-1

2020-12-21 15:08:18,357 INFO PERFORMANCE:|1|0|-1|-1

2020-12-21 15:13:18,358 INFO PERFORMANCE:|0|0|-1|-1

